[1/7] nvcc -c -rdc=true -Xcompiler "/wd 4819" -Xcompiler "/MD" -Xcudafe "--display_error_number --diag_suppress=2381 --diag_suppress=unsigned_compare_with_zero --diag_suppress=useless_type_qualifier_on_return_type" -D_GNU_SOURCE -DMATLAB_MEX_FILE -I "." -I "C:\Users\adis\OneDrive - MathWorks\Documents\MATLAB\Examples\R2020a\GPUCoderJenkinsExample" -I ".\interface" -I "C:\Program Files\MATLAB\R2020a\extern\include" -I "." -DMW_CUDA_ARCH=350 -DMODEL=mandelbrot_count_mex -DMW_NEEDS_VERSION_H  -arch sm_35  --fmad=false -I "C:\Program Files\MATLAB\R2020a/simulink/include" -I "C:\Program Files\MATLAB\R2020a/toolbox/shared/simtargets" rt_nonfinite.cpp -o build\win64\rt_nonfinite.obj
rt_nonfinite.cpp
[2/7] nvcc -c -rdc=true -Xcompiler "/wd 4819" -Xcompiler "/MD" -Xcudafe "--display_error_number --diag_suppress=2381 --diag_suppress=unsigned_compare_with_zero --diag_suppress=useless_type_qualifier_on_return_type" -D_GNU_SOURCE -DMATLAB_MEX_FILE -I "." -I "C:\Users\adis\OneDrive - MathWorks\Documents\MATLAB\Examples\R2020a\GPUCoderJenkinsExample" -I ".\interface" -I "C:\Program Files\MATLAB\R2020a\extern\include" -I "." -DMW_CUDA_ARCH=350 -DMODEL=mandelbrot_count_mex -DMW_NEEDS_VERSION_H  -arch sm_35  --fmad=false -I "C:\Program Files\MATLAB\R2020a/simulink/include" -I "C:\Program Files\MATLAB\R2020a/toolbox/shared/simtargets" cpp_mexapi_version.cpp -o build\win64\cpp_mexapi_version.obj
cpp_mexapi_version.cpp
[3/7] nvcc -c -rdc=true -Xcompiler "/wd 4819" -Xcompiler "/MD" -Xcudafe "--display_error_number --diag_suppress=2381 --diag_suppress=unsigned_compare_with_zero --diag_suppress=useless_type_qualifier_on_return_type" -D_GNU_SOURCE -DMATLAB_MEX_FILE -I "." -I "C:\Users\adis\OneDrive - MathWorks\Documents\MATLAB\Examples\R2020a\GPUCoderJenkinsExample" -I ".\interface" -I "C:\Program Files\MATLAB\R2020a\extern\include" -I "." -DMW_CUDA_ARCH=350 -DMODEL=mandelbrot_count_mex -DMW_NEEDS_VERSION_H  -arch sm_35  --fmad=false -I "C:\Program Files\MATLAB\R2020a/simulink/include" -I "C:\Program Files\MATLAB\R2020a/toolbox/shared/simtargets" MWCudaDimUtility.cu -o build\win64\MWCudaDimUtility.obj
MWCudaDimUtility.cu
[4/7] nvcc -c -rdc=true -Xcompiler "/wd 4819" -Xcompiler "/MD" -Xcudafe "--display_error_number --diag_suppress=2381 --diag_suppress=unsigned_compare_with_zero --diag_suppress=useless_type_qualifier_on_return_type" -D_GNU_SOURCE -DMATLAB_MEX_FILE -I "." -I "C:\Users\adis\OneDrive - MathWorks\Documents\MATLAB\Examples\R2020a\GPUCoderJenkinsExample" -I ".\interface" -I "C:\Program Files\MATLAB\R2020a\extern\include" -I "." -DMW_CUDA_ARCH=350 -DMODEL=mandelbrot_count_mex -DMW_NEEDS_VERSION_H  -arch sm_35  --fmad=false -I "C:\Program Files\MATLAB\R2020a/simulink/include" -I "C:\Program Files\MATLAB\R2020a/toolbox/shared/simtargets" interface\_coder_mandelbrot_count_mex.cu -o build\win64\_coder_mandelbrot_count_mex.obj
_coder_mandelbrot_count_mex.cu
[5/7] nvcc -c -rdc=true -Xcompiler "/wd 4819" -Xcompiler "/MD" -Xcudafe "--display_error_number --diag_suppress=2381 --diag_suppress=unsigned_compare_with_zero --diag_suppress=useless_type_qualifier_on_return_type" -D_GNU_SOURCE -DMATLAB_MEX_FILE -I "." -I "C:\Users\adis\OneDrive - MathWorks\Documents\MATLAB\Examples\R2020a\GPUCoderJenkinsExample" -I ".\interface" -I "C:\Program Files\MATLAB\R2020a\extern\include" -I "." -DMW_CUDA_ARCH=350 -DMODEL=mandelbrot_count_mex -DMW_NEEDS_VERSION_H  -arch sm_35  --fmad=false -I "C:\Program Files\MATLAB\R2020a/simulink/include" -I "C:\Program Files\MATLAB\R2020a/toolbox/shared/simtargets" interface\_coder_mandelbrot_count_info.cu -o build\win64\_coder_mandelbrot_count_info.obj
_coder_mandelbrot_count_info.cu
[6/7] nvcc -c -rdc=true -Xcompiler "/wd 4819" -Xcompiler "/MD" -Xcudafe "--display_error_number --diag_suppress=2381 --diag_suppress=unsigned_compare_with_zero --diag_suppress=useless_type_qualifier_on_return_type" -D_GNU_SOURCE -DMATLAB_MEX_FILE -I "." -I "C:\Users\adis\OneDrive - MathWorks\Documents\MATLAB\Examples\R2020a\GPUCoderJenkinsExample" -I ".\interface" -I "C:\Program Files\MATLAB\R2020a\extern\include" -I "." -DMW_CUDA_ARCH=350 -DMODEL=mandelbrot_count_mex -DMW_NEEDS_VERSION_H  -arch sm_35  --fmad=false -I "C:\Program Files\MATLAB\R2020a/simulink/include" -I "C:\Program Files\MATLAB\R2020a/toolbox/shared/simtargets" mandelbrot_count.cu -o build\win64\mandelbrot_count.obj
mandelbrot_count.cu
[7/7] nvcc -Xlinker  /nologo -Xlinker  /manifest   -Xlinker  /DLL -L"C:\Program Files\MATLAB\R2020a\extern\lib\win64\microsoft" libmx.lib libmex.lib libmat.lib kernel32.lib user32.lib gdi32.lib winspool.lib comdlg32.lib advapi32.lib shell32.lib ole32.lib oleaut32.lib uuid.lib odbc32.lib odbccp32.lib libMatlabDataArray.lib libMatlabEngine.lib   libemlrt.lib libcovrt.lib libut.lib libmwmathutil.lib -arch sm_35  -L"C:\Program Files\NVIDIA GPU Computing Toolkit\CUDA\v10.1\lib\x64" cudart.lib cublas.lib cusolver.lib cufft.lib cuda.lib -Xnvlink -w  -Wno-deprecated-gpu-targets -Xlinker /NODEFAULTLIB:libcmt.lib -o mandelbrot_count_mex.mexw64 build\win64\rt_nonfinite.obj build\win64\mandelbrot_count.obj build\win64\_coder_mandelbrot_count_mex.obj build\win64\_coder_mandelbrot_count_info.obj build\win64\MWCudaDimUtility.obj build\win64\cpp_mexapi_version.obj
libmx.lib
libmex.lib
libmat.lib
kernel32.lib
user32.lib
gdi32.lib
winspool.lib
comdlg32.lib
advapi32.lib
shell32.lib
ole32.lib
oleaut32.lib
uuid.lib
odbc32.lib
odbccp32.lib
libMatlabDataArray.lib
libMatlabEngine.lib
libemlrt.lib
libcovrt.lib
libut.lib
libmwmathutil.lib
cudart.lib
cublas.lib
cusolver.lib
cufft.lib
cuda.lib
rt_nonfinite.obj
mandelbrot_count.obj
_coder_mandelbrot_count_mex.obj
_coder_mandelbrot_count_info.obj
MWCudaDimUtility.obj
cpp_mexapi_version.obj
   Creating library mandelbrot_count_mex.lib and object mandelbrot_count_mex.exp
